Starting Application on DESKTOP-7USC6MA with PID 5520 (D:\实践课\project\Web-Practice\Backend\aps\target\classes started by hp in D:\实践课\project\Web-Practice\Backend\aps)
The following profiles are active: dev
Bootstrapping Spring Data JPA repositories in DEFAULT mode.
Finished Spring Data repository scanning in 83ms. Found 4 JPA repository interfaces.
Tomcat initialized with port(s): 8081 (http)
Initializing ProtocolHandler ["http-nio-8081"]
Starting service [Tomcat]
Starting Servlet engine: [Apache Tomcat/9.0.33]
Initializing Spring embedded WebApplicationContext
Root WebApplicationContext: initialization completed in 1797 ms
{dataSource-1} inited
SELECT COUNT(*) FROM test_db.DATABASECHANGELOGLOCK
SELECT COUNT(*) FROM test_db.DATABASECHANGELOGLOCK
SELECT `LOCKED` FROM test_db.DATABASECHANGELOGLOCK WHERE ID=1
Successfully acquired change log lock
SELECT MD5SUM FROM test_db.DATABASECHANGELOG WHERE MD5SUM IS NOT NULL LIMIT 1
SELECT COUNT(*) FROM test_db.DATABASECHANGELOG
Reading from test_db.DATABASECHANGELOG
SELECT * FROM test_db.DATABASECHANGELOG ORDER BY DATEEXECUTED ASC, ORDEREXECUTED ASC
Successfully released change log lock
HHH000204: Processing PersistenceUnitInfo [name: default]
HHH000412: Hibernate ORM core version 5.4.12.Final
HCANN000001: Hibernate Commons Annotations {5.1.0.Final}
HHH000400: Using dialect: org.hibernate.dialect.MySQL5Dialect
HHH000490: Using JtaPlatform implementation: [org.hibernate.engine.transaction.jta.platform.internal.NoJtaPlatform]
Initialized JPA EntityManagerFactory for persistence unit 'default'
spring.jpa.open-in-view is enabled by default. Therefore, database queries may be performed during view rendering. Explicitly configure spring.jpa.open-in-view to disable this warning
Initializing ExecutorService 'applicationTaskExecutor'
Starting ProtocolHandler ["http-nio-8081"]
Tomcat started on port(s): 8081 (http) with context path ''
Started Application in 10.954 seconds (JVM running for 14.287)
Initializing Spring DispatcherServlet 'dispatcherServlet'
Initializing Servlet 'dispatcherServlet'
Completed initialization in 9 ms
Starting Application on DESKTOP-7USC6MA with PID 1240 (D:\实践课\project\Web-Practice\Backend\aps\target\classes started by hp in D:\实践课\project\Web-Practice\Backend\aps)
The following profiles are active: dev
Bootstrapping Spring Data JPA repositories in DEFAULT mode.
Finished Spring Data repository scanning in 78ms. Found 4 JPA repository interfaces.
Tomcat initialized with port(s): 8081 (http)
Initializing ProtocolHandler ["http-nio-8081"]
Starting service [Tomcat]
Starting Servlet engine: [Apache Tomcat/9.0.33]
Initializing Spring embedded WebApplicationContext
Root WebApplicationContext: initialization completed in 1843 ms
{dataSource-1} inited
SELECT COUNT(*) FROM test_db.DATABASECHANGELOGLOCK
SELECT COUNT(*) FROM test_db.DATABASECHANGELOGLOCK
SELECT `LOCKED` FROM test_db.DATABASECHANGELOGLOCK WHERE ID=1
Successfully acquired change log lock
SELECT MD5SUM FROM test_db.DATABASECHANGELOG WHERE MD5SUM IS NOT NULL LIMIT 1
SELECT COUNT(*) FROM test_db.DATABASECHANGELOG
Reading from test_db.DATABASECHANGELOG
SELECT * FROM test_db.DATABASECHANGELOG ORDER BY DATEEXECUTED ASC, ORDEREXECUTED ASC
Successfully released change log lock
HHH000204: Processing PersistenceUnitInfo [name: default]
HHH000412: Hibernate ORM core version 5.4.12.Final
HCANN000001: Hibernate Commons Annotations {5.1.0.Final}
HHH000400: Using dialect: org.hibernate.dialect.MySQL5Dialect
HHH000490: Using JtaPlatform implementation: [org.hibernate.engine.transaction.jta.platform.internal.NoJtaPlatform]
Initialized JPA EntityManagerFactory for persistence unit 'default'
spring.jpa.open-in-view is enabled by default. Therefore, database queries may be performed during view rendering. Explicitly configure spring.jpa.open-in-view to disable this warning
Initializing ExecutorService 'applicationTaskExecutor'
Starting ProtocolHandler ["http-nio-8081"]
Tomcat started on port(s): 8081 (http) with context path ''
Started Application in 8.78 seconds (JVM running for 10.224)
Initializing Spring DispatcherServlet 'dispatcherServlet'
Initializing Servlet 'dispatcherServlet'
Completed initialization in 10 ms
Starting Application on DESKTOP-7USC6MA with PID 3828 (D:\实践课\project\Web-Practice\Backend\aps\target\classes started by hp in D:\实践课\project\Web-Practice\Backend\aps)
The following profiles are active: dev
Bootstrapping Spring Data JPA repositories in DEFAULT mode.
Finished Spring Data repository scanning in 150ms. Found 4 JPA repository interfaces.
Tomcat initialized with port(s): 8081 (http)
Initializing ProtocolHandler ["http-nio-8081"]
Starting service [Tomcat]
Starting Servlet engine: [Apache Tomcat/9.0.33]
Initializing Spring embedded WebApplicationContext
Root WebApplicationContext: initialization completed in 1740 ms
{dataSource-1} inited
SELECT COUNT(*) FROM test_db.DATABASECHANGELOGLOCK
SELECT COUNT(*) FROM test_db.DATABASECHANGELOGLOCK
SELECT `LOCKED` FROM test_db.DATABASECHANGELOGLOCK WHERE ID=1
Successfully acquired change log lock
SELECT MD5SUM FROM test_db.DATABASECHANGELOG WHERE MD5SUM IS NOT NULL LIMIT 1
SELECT COUNT(*) FROM test_db.DATABASECHANGELOG
Reading from test_db.DATABASECHANGELOG
SELECT * FROM test_db.DATABASECHANGELOG ORDER BY DATEEXECUTED ASC, ORDEREXECUTED ASC
Successfully released change log lock
HHH000204: Processing PersistenceUnitInfo [name: default]
HHH000412: Hibernate ORM core version 5.4.12.Final
HCANN000001: Hibernate Commons Annotations {5.1.0.Final}
HHH000400: Using dialect: org.hibernate.dialect.MySQL5Dialect
HHH000490: Using JtaPlatform implementation: [org.hibernate.engine.transaction.jta.platform.internal.NoJtaPlatform]
Initialized JPA EntityManagerFactory for persistence unit 'default'
spring.jpa.open-in-view is enabled by default. Therefore, database queries may be performed during view rendering. Explicitly configure spring.jpa.open-in-view to disable this warning
Initializing ExecutorService 'applicationTaskExecutor'
Starting ProtocolHandler ["http-nio-8081"]
Tomcat started on port(s): 8081 (http) with context path ''
Started Application in 10.483 seconds (JVM running for 12.111)
Initializing Spring DispatcherServlet 'dispatcherServlet'
Initializing Servlet 'dispatcherServlet'
Completed initialization in 19 ms
Solving started: time spent (13), best score (-42init/0hard/0soft), environment mode (REPRODUCIBLE), random (JDK with seed 0).
Construction Heuristic phase (0) ended: time spent (297), best score (0hard/0soft), score calculation speed (84003/sec), step total (14).
Local Search phase (1) ended: time spent (5000), best score (0hard/0soft), score calculation speed (42212/sec), step total (111176).
Solving ended: time spent (5000), best score (0hard/0soft), score calculation speed (44392/sec), phase total (2), environment mode (REPRODUCIBLE).
Solving started: time spent (1), best score (-42init/0hard/0soft), environment mode (REPRODUCIBLE), random (JDK with seed 0).
Construction Heuristic phase (0) ended: time spent (258), best score (0hard/0soft), score calculation speed (73503/sec), step total (14).
Local Search phase (1) ended: time spent (5000), best score (0hard/0soft), score calculation speed (40131/sec), step total (105604).
Solving ended: time spent (5000), best score (0hard/0soft), score calculation speed (41824/sec), phase total (2), environment mode (REPRODUCIBLE).
Starting Application on DESKTOP-7USC6MA with PID 11204 (D:\实践课\project\Web-Practice\Backend\aps\target\classes started by hp in D:\实践课\project\Web-Practice\Backend\aps)
The following profiles are active: dev
Bootstrapping Spring Data JPA repositories in DEFAULT mode.
Finished Spring Data repository scanning in 90ms. Found 4 JPA repository interfaces.
Tomcat initialized with port(s): 8081 (http)
Initializing ProtocolHandler ["http-nio-8081"]
Starting service [Tomcat]
Starting Servlet engine: [Apache Tomcat/9.0.33]
Initializing Spring embedded WebApplicationContext
Root WebApplicationContext: initialization completed in 1766 ms
{dataSource-1} inited
SELECT COUNT(*) FROM test_db.DATABASECHANGELOGLOCK
SELECT COUNT(*) FROM test_db.DATABASECHANGELOGLOCK
SELECT `LOCKED` FROM test_db.DATABASECHANGELOGLOCK WHERE ID=1
Successfully acquired change log lock
SELECT MD5SUM FROM test_db.DATABASECHANGELOG WHERE MD5SUM IS NOT NULL LIMIT 1
SELECT COUNT(*) FROM test_db.DATABASECHANGELOG
Reading from test_db.DATABASECHANGELOG
SELECT * FROM test_db.DATABASECHANGELOG ORDER BY DATEEXECUTED ASC, ORDEREXECUTED ASC
Successfully released change log lock
HHH000204: Processing PersistenceUnitInfo [name: default]
HHH000412: Hibernate ORM core version 5.4.12.Final
HCANN000001: Hibernate Commons Annotations {5.1.0.Final}
HHH000400: Using dialect: org.hibernate.dialect.MySQL5Dialect
HHH000490: Using JtaPlatform implementation: [org.hibernate.engine.transaction.jta.platform.internal.NoJtaPlatform]
Initialized JPA EntityManagerFactory for persistence unit 'default'
spring.jpa.open-in-view is enabled by default. Therefore, database queries may be performed during view rendering. Explicitly configure spring.jpa.open-in-view to disable this warning
Initializing ExecutorService 'applicationTaskExecutor'
Starting ProtocolHandler ["http-nio-8081"]
Tomcat started on port(s): 8081 (http) with context path ''
Started Application in 8.995 seconds (JVM running for 10.549)
Initializing Spring DispatcherServlet 'dispatcherServlet'
Initializing Servlet 'dispatcherServlet'
Completed initialization in 10 ms
Solving started: time spent (12), best score (-42init/0hard/0soft), environment mode (REPRODUCIBLE), random (JDK with seed 0).
Construction Heuristic phase (0) ended: time spent (413), best score (0hard/0soft), score calculation speed (59396/sec), step total (14).
Local Search phase (1) ended: time spent (5000), best score (0hard/0soft), score calculation speed (44488/sec), step total (114155).
Solving ended: time spent (5000), best score (0hard/0soft), score calculation speed (45482/sec), phase total (2), environment mode (REPRODUCIBLE).
Starting Application on DESKTOP-7USC6MA with PID 2400 (D:\实践课\project\Web-Practice\Backend\aps\target\classes started by hp in D:\实践课\project\Web-Practice\Backend\aps)
The following profiles are active: dev
Bootstrapping Spring Data JPA repositories in DEFAULT mode.
Finished Spring Data repository scanning in 135ms. Found 4 JPA repository interfaces.
Tomcat initialized with port(s): 8081 (http)
Initializing ProtocolHandler ["http-nio-8081"]
Starting service [Tomcat]
Starting Servlet engine: [Apache Tomcat/9.0.33]
Initializing Spring embedded WebApplicationContext
Root WebApplicationContext: initialization completed in 2155 ms
{dataSource-1} inited
SELECT COUNT(*) FROM test_db.DATABASECHANGELOGLOCK
SELECT COUNT(*) FROM test_db.DATABASECHANGELOGLOCK
SELECT `LOCKED` FROM test_db.DATABASECHANGELOGLOCK WHERE ID=1
Successfully acquired change log lock
SELECT MD5SUM FROM test_db.DATABASECHANGELOG WHERE MD5SUM IS NOT NULL LIMIT 1
SELECT COUNT(*) FROM test_db.DATABASECHANGELOG
Reading from test_db.DATABASECHANGELOG
SELECT * FROM test_db.DATABASECHANGELOG ORDER BY DATEEXECUTED ASC, ORDEREXECUTED ASC
Successfully released change log lock
HHH000204: Processing PersistenceUnitInfo [name: default]
HHH000412: Hibernate ORM core version 5.4.12.Final
HCANN000001: Hibernate Commons Annotations {5.1.0.Final}
HHH000400: Using dialect: org.hibernate.dialect.MySQL5Dialect
HHH000490: Using JtaPlatform implementation: [org.hibernate.engine.transaction.jta.platform.internal.NoJtaPlatform]
Initialized JPA EntityManagerFactory for persistence unit 'default'
spring.jpa.open-in-view is enabled by default. Therefore, database queries may be performed during view rendering. Explicitly configure spring.jpa.open-in-view to disable this warning
Initializing ExecutorService 'applicationTaskExecutor'
Starting ProtocolHandler ["http-nio-8081"]
Tomcat started on port(s): 8081 (http) with context path ''
Started Application in 8.977 seconds (JVM running for 10.273)
Initializing Spring DispatcherServlet 'dispatcherServlet'
Initializing Servlet 'dispatcherServlet'
Completed initialization in 25 ms
Solving started: time spent (13), best score (-42init/0hard/0soft), environment mode (REPRODUCIBLE), random (JDK with seed 0).
Construction Heuristic phase (0) ended: time spent (313), best score (0hard/0soft), score calculation speed (79462/sec), step total (14).
Local Search phase (1) ended: time spent (5000), best score (0hard/0soft), score calculation speed (43751/sec), step total (114768).
Solving ended: time spent (5000), best score (0hard/0soft), score calculation speed (45699/sec), phase total (2), environment mode (REPRODUCIBLE).
Starting Application on DESKTOP-7USC6MA with PID 7304 (D:\实践课\project\Web-Practice\Backend\aps\target\classes started by hp in D:\实践课\project\Web-Practice\Backend\aps)
The following profiles are active: dev
Bootstrapping Spring Data JPA repositories in DEFAULT mode.
Finished Spring Data repository scanning in 70ms. Found 4 JPA repository interfaces.
Tomcat initialized with port(s): 8081 (http)
Initializing ProtocolHandler ["http-nio-8081"]
Starting service [Tomcat]
Starting Servlet engine: [Apache Tomcat/9.0.33]
Initializing Spring embedded WebApplicationContext
Root WebApplicationContext: initialization completed in 1375 ms
{dataSource-1} inited
SELECT COUNT(*) FROM test_db.DATABASECHANGELOGLOCK
SELECT COUNT(*) FROM test_db.DATABASECHANGELOGLOCK
SELECT `LOCKED` FROM test_db.DATABASECHANGELOGLOCK WHERE ID=1
Successfully acquired change log lock
SELECT MD5SUM FROM test_db.DATABASECHANGELOG WHERE MD5SUM IS NOT NULL LIMIT 1
SELECT COUNT(*) FROM test_db.DATABASECHANGELOG
Reading from test_db.DATABASECHANGELOG
SELECT * FROM test_db.DATABASECHANGELOG ORDER BY DATEEXECUTED ASC, ORDEREXECUTED ASC
Successfully released change log lock
HHH000204: Processing PersistenceUnitInfo [name: default]
HHH000412: Hibernate ORM core version 5.4.12.Final
HCANN000001: Hibernate Commons Annotations {5.1.0.Final}
HHH000400: Using dialect: org.hibernate.dialect.MySQL5Dialect
HHH000490: Using JtaPlatform implementation: [org.hibernate.engine.transaction.jta.platform.internal.NoJtaPlatform]
Initialized JPA EntityManagerFactory for persistence unit 'default'
spring.jpa.open-in-view is enabled by default. Therefore, database queries may be performed during view rendering. Explicitly configure spring.jpa.open-in-view to disable this warning
Initializing ExecutorService 'applicationTaskExecutor'
Starting ProtocolHandler ["http-nio-8081"]
Tomcat started on port(s): 8081 (http) with context path ''
Started Application in 7.928 seconds (JVM running for 9.139)
Initializing Spring DispatcherServlet 'dispatcherServlet'
Initializing Servlet 'dispatcherServlet'
Completed initialization in 9 ms
Solving started: time spent (13), best score (-42init/0hard/0soft), environment mode (REPRODUCIBLE), random (JDK with seed 0).
Construction Heuristic phase (0) ended: time spent (293), best score (0hard/0soft), score calculation speed (85221/sec), step total (14).
Local Search phase (1) ended: time spent (5000), best score (0hard/0soft), score calculation speed (40099/sec), step total (105623).
Solving ended: time spent (5000), best score (0hard/0soft), score calculation speed (42438/sec), phase total (2), environment mode (REPRODUCIBLE).
Starting Application on DESKTOP-7USC6MA with PID 6376 (D:\实践课\project\Web-Practice\Backend\aps\target\classes started by hp in D:\实践课\project\Web-Practice\Backend\aps)
The following profiles are active: dev
Bootstrapping Spring Data JPA repositories in DEFAULT mode.
Finished Spring Data repository scanning in 95ms. Found 4 JPA repository interfaces.
Tomcat initialized with port(s): 8081 (http)
Initializing ProtocolHandler ["http-nio-8081"]
Starting service [Tomcat]
Starting Servlet engine: [Apache Tomcat/9.0.33]
Initializing Spring embedded WebApplicationContext
Root WebApplicationContext: initialization completed in 1579 ms
{dataSource-1} inited
SELECT COUNT(*) FROM test_db.DATABASECHANGELOGLOCK
SELECT COUNT(*) FROM test_db.DATABASECHANGELOGLOCK
SELECT `LOCKED` FROM test_db.DATABASECHANGELOGLOCK WHERE ID=1
Successfully acquired change log lock
SELECT MD5SUM FROM test_db.DATABASECHANGELOG WHERE MD5SUM IS NOT NULL LIMIT 1
SELECT COUNT(*) FROM test_db.DATABASECHANGELOG
Reading from test_db.DATABASECHANGELOG
SELECT * FROM test_db.DATABASECHANGELOG ORDER BY DATEEXECUTED ASC, ORDEREXECUTED ASC
Successfully released change log lock
HHH000204: Processing PersistenceUnitInfo [name: default]
HHH000412: Hibernate ORM core version 5.4.12.Final
HCANN000001: Hibernate Commons Annotations {5.1.0.Final}
HHH000400: Using dialect: org.hibernate.dialect.MySQL5Dialect
HHH000490: Using JtaPlatform implementation: [org.hibernate.engine.transaction.jta.platform.internal.NoJtaPlatform]
Initialized JPA EntityManagerFactory for persistence unit 'default'
spring.jpa.open-in-view is enabled by default. Therefore, database queries may be performed during view rendering. Explicitly configure spring.jpa.open-in-view to disable this warning
Initializing ExecutorService 'applicationTaskExecutor'
Starting ProtocolHandler ["http-nio-8081"]
Tomcat started on port(s): 8081 (http) with context path ''
Started Application in 8.624 seconds (JVM running for 9.864)
Initializing Spring DispatcherServlet 'dispatcherServlet'
Initializing Servlet 'dispatcherServlet'
Completed initialization in 10 ms
Solving started: time spent (14), best score (-42init/0hard/0soft), environment mode (REPRODUCIBLE), random (JDK with seed 0).
Construction Heuristic phase (0) ended: time spent (305), best score (0hard/0soft), score calculation speed (81670/sec), step total (14).
Local Search phase (1) ended: time spent (5000), best score (0hard/0soft), score calculation speed (43132/sec), step total (113404).
Solving ended: time spent (5000), best score (0hard/0soft), score calculation speed (45188/sec), phase total (2), environment mode (REPRODUCIBLE).
Starting Application on DESKTOP-7USC6MA with PID 8732 (D:\实践课\project\Web-Practice\Backend\aps\target\classes started by hp in D:\实践课\project\Web-Practice\Backend\aps)
The following profiles are active: dev
Bootstrapping Spring Data JPA repositories in DEFAULT mode.
Finished Spring Data repository scanning in 96ms. Found 4 JPA repository interfaces.
Tomcat initialized with port(s): 8081 (http)
Initializing ProtocolHandler ["http-nio-8081"]
Starting service [Tomcat]
Starting Servlet engine: [Apache Tomcat/9.0.33]
Initializing Spring embedded WebApplicationContext
Root WebApplicationContext: initialization completed in 1738 ms
{dataSource-1} inited
SELECT COUNT(*) FROM test_db.DATABASECHANGELOGLOCK
SELECT COUNT(*) FROM test_db.DATABASECHANGELOGLOCK
SELECT `LOCKED` FROM test_db.DATABASECHANGELOGLOCK WHERE ID=1
Successfully acquired change log lock
SELECT MD5SUM FROM test_db.DATABASECHANGELOG WHERE MD5SUM IS NOT NULL LIMIT 1
SELECT COUNT(*) FROM test_db.DATABASECHANGELOG
Reading from test_db.DATABASECHANGELOG
SELECT * FROM test_db.DATABASECHANGELOG ORDER BY DATEEXECUTED ASC, ORDEREXECUTED ASC
Successfully released change log lock
HHH000204: Processing PersistenceUnitInfo [name: default]
HHH000412: Hibernate ORM core version 5.4.12.Final
HCANN000001: Hibernate Commons Annotations {5.1.0.Final}
HHH000400: Using dialect: org.hibernate.dialect.MySQL5Dialect
HHH000490: Using JtaPlatform implementation: [org.hibernate.engine.transaction.jta.platform.internal.NoJtaPlatform]
Initialized JPA EntityManagerFactory for persistence unit 'default'
spring.jpa.open-in-view is enabled by default. Therefore, database queries may be performed during view rendering. Explicitly configure spring.jpa.open-in-view to disable this warning
Initializing ExecutorService 'applicationTaskExecutor'
Starting ProtocolHandler ["http-nio-8081"]
Tomcat started on port(s): 8081 (http) with context path ''
Started Application in 9.176 seconds (JVM running for 10.403)
Initializing Spring DispatcherServlet 'dispatcherServlet'
Initializing Servlet 'dispatcherServlet'
Completed initialization in 9 ms
Solving started: time spent (10), best score (-42init/0hard/0soft), environment mode (REPRODUCIBLE), random (JDK with seed 0).
Construction Heuristic phase (0) ended: time spent (307), best score (0hard/0soft), score calculation speed (81106/sec), step total (14).
Local Search phase (1) ended: time spent (5000), best score (0hard/0soft), score calculation speed (43233/sec), step total (113367).
Solving ended: time spent (5000), best score (0hard/0soft), score calculation speed (45265/sec), phase total (2), environment mode (REPRODUCIBLE).
